<?xml version="1.0" encoding="UTF-8"?>
<!-- Generated by org.testng.reporters.JUnitXMLReporter -->
<testsuite ignored="0" hostname="Tolgahans-MacBook-Pro.local" failures="0" tests="4" name="Command line test" time="9.195" errors="0" timestamp="2022-01-29T22:54:07 EET">
  <testcase classname="services.auth.CreateTokenTest" name="createTokenEmptyInput" time="6.038"/>
  <testcase classname="services.auth.CreateTokenTest" name="createTokenHappyPath" time="0.989"/>
  <testcase classname="services.auth.CreateTokenTest" name="createTokenInvalidPassword" time="0.916"/>
  <testcase classname="services.auth.CreateTokenTest" name="createTokenInvalidUsername" time="1.13"/>
</testsuite> <!-- Command line test -->
